{"numTotalTestSuites":2,"numPassedTestSuites":2,"numFailedTestSuites":0,"numPendingTestSuites":0,"numTotalTests":3,"numPassedTests":3,"numFailedTests":0,"numPendingTests":0,"numTodoTests":0,"snapshot":{"added":0,"failure":false,"filesAdded":0,"filesRemoved":0,"filesRemovedList":[],"filesUnmatched":0,"filesUpdated":0,"matched":0,"total":0,"unchecked":0,"uncheckedKeysByFile":[],"unmatched":0,"updated":0,"didUpdate":false},"startTime":1784540425528,"success":true,"testResults":[{"assertionResults":[{"ancestorTitles":["offline database helper"],"fullName":"offline database helper backs up and applies an allowlisted UI state value","status":"passed","title":"backs up and applies an allowlisted UI state value","duration":34.18599999999998,"failureMessages":[],"meta":{},"tags":[]},{"ancestorTitles":["offline database helper"],"fullName":"offline database helper restores the backup when an unsafe key is requested","status":"passed","title":"restores the backup when an unsafe key is requested","duration":56.86519999999996,"failureMessages":[],"meta":{},"tags":[]},{"ancestorTitles":["offline database helper"],"fullName":"offline database helper restores logical rows with SQL without replacing the live database file","status":"passed","title":"restores logical rows with SQL without replacing the live database file","duration":48.2115,"failureMessages":[],"meta":{},"tags":[]}],"startTime":1784540425801,"endTime":1784540425940.2114,"status":"passed","message":"","name":"C:/Users/ckdgh/Desktop/projects/cursor-setting-sync/tests/helper-db.test.ts"}]}